#
# There is insufficient memory for the Java Runtime Environment to continue.
# Native memory allocation (malloc) failed to allocate 1269984 bytes for Chunk::new
# Possible reasons:
#   The system is out of physical RAM or swap space
#   The process is running with CompressedOops enabled, and the Java Heap may be blocking the growth of the native heap
# Possible solutions:
#   Reduce memory load on the system
#   Increase physical memory or swap space
#   Check if swap backing store is full
#   Decrease Java heap size (-Xmx/-Xms)
#   Decrease number of Java threads
#   Decrease Java thread stack sizes (-Xss)
#   Set larger code cache with -XX:ReservedCodeCacheSize=
#   JVM is running with Unscaled Compressed Oops mode in which the Java heap is
#     placed in the first 4GB address space. The Java Heap base address is the
#     maximum limit for the native heap growth. Please use -XX:HeapBaseMinAddress
#     to set the Java Heap base and to place the Java Heap above 4GB virtual address.
# This output file may be truncated or incomplete.
#
#  Out of Memory Error (allocation.cpp:389), pid=3636, tid=0x0000000000000f20
#
# JRE version: OpenJDK Runtime Environment (8.0_202-b03) (build 1.8.0_202-release-1483-b03)
# Java VM: OpenJDK 64-Bit Server VM (25.202-b03 mixed mode windows-amd64 compressed oops)
# Failed to write core dump. Minidumps are not enabled by default on client versions of Windows
#

---------------  T H R E A D  ---------------

Current thread (0x00000000181d7000):  JavaThread "C2 CompilerThread1" daemon [_thread_in_native, id=3872, stack(0x0000000018ba0000,0x0000000018ca0000)]

Stack: [0x0000000018ba0000,0x0000000018ca0000]
[error occurred during error reporting (printing stack bounds), id 0xc0000005]

Native frames: (J=compiled Java code, j=interpreted, Vv=VM code, C=native code)


Current CompileTask:
C2:4754244 29872       4       com.android.tools.r8.graph.ObjectToOffsetMapping$a::a (141 bytes)


---------------  P R O C E S S  ---------------

Java Threads: ( => current thread )
  0x000000001d1f0800 JavaThread "ForkJoinPool-40-worker-0" daemon [_thread_blocked, id=9488, stack(0x000000002bf80000,0x000000002c080000)]
  0x000000001d1f4000 JavaThread "ForkJoinPool-40-worker-7" daemon [_thread_blocked, id=84, stack(0x000000002be80000,0x000000002bf80000)]
  0x000000001d1ef800 JavaThread "ForkJoinPool-40-worker-6" daemon [_thread_blocked, id=5052, stack(0x000000002bd80000,0x000000002be80000)]
  0x000000001d1ec000 JavaThread "ForkJoinPool-40-worker-5" daemon [_thread_blocked, id=2916, stack(0x0000000028710000,0x0000000028810000)]
  0x000000001d1f2800 JavaThread "ForkJoinPool-40-worker-4" daemon [_thread_blocked, id=9484, stack(0x0000000028610000,0x0000000028710000)]
  0x000000001d1e6800 JavaThread "ForkJoinPool-40-worker-3" daemon [_thread_blocked, id=8904, stack(0x0000000028510000,0x0000000028610000)]
  0x000000001d1ed800 JavaThread "ForkJoinPool-40-worker-2" daemon [_thread_blocked, id=8500, stack(0x0000000027c60000,0x0000000027d60000)]
  0x000000001d1e6000 JavaThread "ForkJoinPool-40-worker-1" daemon [_thread_blocked, id=10064, stack(0x0000000027960000,0x0000000027a60000)]
  0x000000001d1e7800 JavaThread "WorkerExecutor Queue Thread 5" [_thread_blocked, id=7708, stack(0x0000000027860000,0x0000000027960000)]
  0x00000000206df000 JavaThread "WorkerExecutor Queue Thread 3" [_thread_blocked, id=9116, stack(0x0000000027000000,0x0000000027100000)]
  0x00000000206de800 JavaThread "WorkerExecutor Queue Thread 2" [_thread_blocked, id=10092, stack(0x0000000026f00000,0x0000000027000000)]
  0x00000000206e3800 JavaThread "stdout" [_thread_in_native, id=1852, stack(0x0000000026e00000,0x0000000026f00000)]
  0x00000000206e2000 JavaThread "stderr" [_thread_in_native, id=10020, stack(0x0000000026d00000,0x0000000026e00000)]
  0x00000000206e0000 JavaThread "pool-75-thread-1" [_thread_blocked, id=5568, stack(0x0000000026c00000,0x0000000026d00000)]
  0x00000000206e4800 JavaThread "Cache worker for execution history cache (D:\progr\Android\Apps\DifferentApps\architecture-samples-todo-mvp-clean\TVShowReminder\.gradle\5.4.1\executionHistory)" [_thread_blocked, id=2684, stack(0x0000000026900000,0x0000000026a00000)]
  0x00000000206e3000 JavaThread "Execution worker for ':' Thread 7" [_thread_blocked, id=9204, stack(0x0000000026600000,0x0000000026700000)]
  0x00000000206d7000 JavaThread "Execution worker for ':' Thread 6" [_thread_blocked, id=5372, stack(0x0000000026500000,0x0000000026600000)]
  0x00000000206dd800 JavaThread "Execution worker for ':' Thread 5" [_thread_blocked, id=9388, stack(0x0000000026100000,0x0000000026200000)]
  0x00000000206dd000 JavaThread "Execution worker for ':' Thread 4" [_thread_blocked, id=6052, stack(0x0000000025b00000,0x0000000025c00000)]
  0x00000000206dc000 JavaThread "Execution worker for ':' Thread 3" [_thread_blocked, id=8132, stack(0x0000000025800000,0x0000000025900000)]
  0x00000000206da800 JavaThread "Execution worker for ':' Thread 2" [_thread_blocked, id=4888, stack(0x0000000025700000,0x0000000025800000)]
  0x00000000206d6000 JavaThread "Execution worker for ':'" [_thread_blocked, id=9364, stack(0x0000000025100000,0x0000000025200000)]
  0x00000000206d8800 JavaThread "Cache worker for file content cache (D:\progr\Android\Apps\DifferentApps\architecture-samples-todo-mvp-clean\TVShowReminder\.gradle\5.4.1\fileContent)" [_thread_blocked, id=7336, stack(0x0000000025000000,0x0000000025100000)]
  0x00000000206d9000 JavaThread "Cache worker for Build Output Cleanup Cache (D:\progr\Android\Apps\DifferentApps\architecture-samples-todo-mvp-clean\TVShowReminder\.gradle\buildOutputCleanup)" [_thread_blocked, id=8672, stack(0x0000000024d00000,0x0000000024e00000)]
  0x000000001957a000 JavaThread "Build operations Thread 8" [_thread_blocked, id=9016, stack(0x0000000024a00000,0x0000000024b00000)]
  0x0000000019579800 JavaThread "Build operations Thread 7" [_thread_blocked, id=2392, stack(0x0000000024900000,0x0000000024a00000)]
  0x0000000019578800 JavaThread "Build operations Thread 6" [_thread_blocked, id=488, stack(0x0000000024460000,0x0000000024560000)]
  0x000000001957c800 JavaThread "Build operations Thread 5" [_thread_blocked, id=9684, stack(0x0000000022b60000,0x0000000022c60000)]
  0x000000001957b000 JavaThread "Build operations Thread 4" [_thread_blocked, id=7316, stack(0x0000000022a60000,0x0000000022b60000)]
  0x0000000019578000 JavaThread "Build operations Thread 3" [_thread_blocked, id=9196, stack(0x0000000022760000,0x0000000022860000)]
  0x0000000019577000 JavaThread "Build operations Thread 2" [_thread_blocked, id=3676, stack(0x00000000211a0000,0x00000000212a0000)]
  0x000000001956f800 JavaThread "Build operations" [_thread_blocked, id=4044, stack(0x000000001fe60000,0x000000001ff60000)]
  0x0000000019573800 JavaThread "Cache worker for cache directory md-rule (C:\Users\Dmi\.gradle\caches\5.4.1\md-rule)" [_thread_blocked, id=5436, stack(0x000000001fc60000,0x000000001fd60000)]
  0x0000000019571000 JavaThread "Cache worker for cache directory md-supplier (C:\Users\Dmi\.gradle\caches\5.4.1\md-supplier)" [_thread_blocked, id=10156, stack(0x000000001e190000,0x000000001e290000)]
  0x0000000019570800 JavaThread "Cache worker for file hash cache (D:\progr\Android\Apps\DifferentApps\architecture-samples-todo-mvp-clean\TVShowReminder\.gradle\5.4.1\fileHashes)" [_thread_blocked, id=3092, stack(0x000000001b9f0000,0x000000001baf0000)]
  0x0000000019576800 JavaThread "Thread-923" [_thread_blocked, id=9480, stack(0x000000001b6f0000,0x000000001b7f0000)]
  0x0000000019572000 JavaThread "Stdin handler" [_thread_blocked, id=7028, stack(0x000000001b5f0000,0x000000001b6f0000)]
  0x000000001956f000 JavaThread "Asynchronous log dispatcher for DefaultDaemonConnection: socket connection from /127.0.0.1:49869 to /127.0.0.1:51006" [_thread_blocked, id=4792, stack(0x000000001b2f0000,0x000000001b3f0000)]
  0x0000000019575800 JavaThread "Cancel handler" [_thread_blocked, id=6988, stack(0x0000000000940000,0x0000000000a40000)]
  0x0000000019575000 JavaThread "Handler for socket connection from /127.0.0.1:49869 to /127.0.0.1:51006" [_thread_in_native, id=7252, stack(0x0000000000840000,0x0000000000940000)]
  0x000000001c40f000 JavaThread "Daemon worker Thread 16" [_thread_blocked, id=3996, stack(0x000000001b1f0000,0x000000001b2f0000)]
  0x000000001c40d800 JavaThread "Daemon Thread 16" [_thread_blocked, id=4124, stack(0x0000000000740000,0x0000000000840000)]
  0x00000000206da000 JavaThread "Cache worker for Java compile cache (C:\Users\Dmi\.gradle\caches\5.4.1\javaCompile)" [_thread_blocked, id=9148, stack(0x0000000026a00000,0x0000000026b00000)]
  0x000000001d1e8000 JavaThread "RMI Reaper" [_thread_blocked, id=7312, stack(0x0000000026400000,0x0000000026500000)]
  0x000000001d1ef000 JavaThread "RMI TCP Accept-0" daemon [_thread_in_native, id=4180, stack(0x0000000026300000,0x0000000026400000)]
  0x000000001d1e9800 JavaThread "GC Daemon" daemon [_thread_blocked, id=148, stack(0x0000000026200000,0x0000000026300000)]
  0x000000001d1ee000 JavaThread "RMI Scheduler(0)" daemon [_thread_blocked, id=4256, stack(0x0000000026000000,0x0000000026100000)]
  0x000000001c406000 JavaThread "Cache worker for file content cache (C:\Users\Dmi\.gradle\caches\5.4.1\fileContent)" [_thread_blocked, id=7652, stack(0x0000000023260000,0x0000000023360000)]
  0x000000001c414000 JavaThread "Memory manager" [_thread_blocked, id=9184, stack(0x0000000023f60000,0x0000000024060000)]
  0x000000001c409000 JavaThread "Cache worker for execution history cache (C:\Users\Dmi\.gradle\caches\5.4.1\executionHistory)" [_thread_blocked, id=9452, stack(0x000000001fd60000,0x000000001fe60000)]
  0x00000000181e1000 JavaThread "Cache worker for journal cache (C:\Users\Dmi\.gradle\caches\journal-1)" [_thread_blocked, id=5376, stack(0x000000001bcf0000,0x000000001bdf0000)]
  0x00000000181e2000 JavaThread "File lock request listener" [_thread_in_native, id=4684, stack(0x000000001bbf0000,0x000000001bcf0000)]
  0x000000001a186000 JavaThread "Cache worker for file hash cache (C:\Users\Dmi\.gradle\caches\5.4.1\fileHashes)" [_thread_blocked, id=9884, stack(0x000000001baf0000,0x000000001bbf0000)]
  0x00000000182f8000 JavaThread "Daemon periodic checks" [_thread_blocked, id=768, stack(0x000000001b0f0000,0x000000001b1f0000)]
  0x00000000182f7000 JavaThread "Incoming local TCP Connector on port 49869" [_thread_in_native, id=6692, stack(0x000000001aeb0000,0x000000001afb0000)]
  0x000000001a69e800 JavaThread "Daemon health stats" [_thread_blocked, id=10204, stack(0x000000001a870000,0x000000001a970000)]
  0x0000000018231000 JavaThread "Service Thread" daemon [_thread_blocked, id=3052, stack(0x0000000018ea0000,0x0000000018fa0000)]
  0x00000000181e0800 JavaThread "C1 CompilerThread3" daemon [_thread_blocked, id=9996, stack(0x0000000018da0000,0x0000000018ea0000)]
  0x00000000181d9800 JavaThread "C2 CompilerThread2" daemon [_thread_in_native, id=8104, stack(0x0000000018ca0000,0x0000000018da0000)]
=>0x00000000181d7000 JavaThread "C2 CompilerThread1" daemon [_thread_in_native, id=3872, stack(0x0000000018ba0000,0x0000000018ca0000)]
  0x00000000181d0000 JavaThread "C2 CompilerThread0" daemon [_thread_in_native, id=9108, stack(0x0000000018aa0000,0x0000000018ba0000)]
  0x00000000181cf000 JavaThread "Attach Listener" daemon [_thread_blocked, id=8196, stack(0x00000000189a0000,0x0000000018aa0000)]
  0x00000000181ce000 JavaThread "Signal Dispatcher" daemon [_thread_blocked, id=5144, stack(0x00000000188a0000,0x00000000189a0000)]
  0x00000000163d2800 JavaThread "Finalizer" daemon [_thread_blocked, id=1484, stack(0x00000000186a0000,0x00000000187a0000)]
  0x0000000002606800 JavaThread "Reference Handler" daemon [_thread_blocked, id=9252, stack(0x00000000185a0000,0x00000000186a0000)]
  0x000000000233d800 JavaThread "main" [_thread_blocked, id=7080, stack(0x0000000002410000,0x0000000002510000)]

Other Threads:
  0x00000000163c7800 VMThread [stack: 0x00000000180a0000,0x00000000181a0000] [id=7292]
  0x0000000018231800 WatcherThread [stack: 0x0000000018fa0000,0x00000000190a0000] [id=2312]

VM state:not at safepoint (normal execution)

VM Mutex/Monitor currently owned by a thread: None

heap address: 0x00000000a0000000, size: 1536 MB, Compressed Oops mode: 32-bit
Narrow klass base: 0x0000000000000000, Narrow klass shift: 3
Compressed class space size: 1073741824 Address: 0x0000000100000000

Heap:
 PSYoungGen      total 419328K, used 71774K [0x00000000e0000000, 0x0000000100000000, 0x0000000100000000)
  eden space 350208K, 0% used [0x00000000e0000000,0x00000000e029fae8,0x00000000f5600000)
  from space 69120K, 99% used [0x00000000fbc80000,0x00000000ffff8028,0x0000000100000000)
  to   space 87040K, 0% used [0x00000000f5600000,0x00000000f5600000,0x00000000fab00000)
 ParOldGen       total 269824K, used 191123K [0x00000000a0000000, 0x00000000b0780000, 0x00000000e0000000)
  object space 269824K, 70% used [0x00000000a0000000,0x00000000abaa4ef8,0x00000000b0780000)
 Metaspace       used 102598K, capacity 109654K, committed 110296K, reserved 1144832K
  class space    used 13001K, capacity 14164K, committed 14336K, reserved 1048576K

Card table byte_map: [0x00000000119d0000,0x0000000011ce0000] byte_map_base: 0x00000000114d0000

Marking Bits: (ParMarkBitMap*) 0x000000006d869f30
 Begin Bits: [0x00000000126e0000, 0x0000000013ee0000)
 End Bits:   [0x0000000013ee0000, 0x00000000156e0000)

Polling page: 0x0000000000540000

CodeCache: size=245760Kb used=77594Kb max_used=82044Kb free=168165Kb
 bounds [0x0000000002610000, 0x0000000007740000, 0x0000000011610000]
 total_blobs=23402 nmethods=22489 adapters=823
 compilation: enabled

Compilation events (10 events):
Event: 4753.936 Thread 0x00000000181e0800 29868       3       com.android.tools.r8.graph.ObjectToOffsetMapping$a::a (141 bytes)
Event: 4753.936 Thread 0x00000000181e0800 nmethod 29868 0x0000000004284010 code [0x0000000004284200, 0x00000000042849f8]
Event: 4753.938 Thread 0x00000000181d7000 nmethod 29867 0x0000000002b342d0 code [0x0000000002b34440, 0x0000000002b345d8]
Event: 4753.938 Thread 0x00000000181d7000 29872       4       com.android.tools.r8.graph.ObjectToOffsetMapping$a::a (141 bytes)
Event: 4754.049 Thread 0x00000000181e0800 29873       3       java.util.Collections$SetFromMap::add (22 bytes)
Event: 4754.049 Thread 0x00000000181e0800 nmethod 29873 0x0000000002b95510 code [0x0000000002b95680, 0x0000000002b95908]
Event: 4754.051 Thread 0x00000000181e0800 29876       3       com.android.tools.r8.graph.DexDebugInfo::b (55 bytes)
Event: 4754.051 Thread 0x00000000181e0800 nmethod 29876 0x0000000004744e50 code [0x0000000004744fe0, 0x0000000004745478]
Event: 4754.135 Thread 0x00000000181e0800 29892       2       com.android.tools.r8.graph.DexValue$DexValueLong::equals (35 bytes)
Event: 4754.135 Thread 0x00000000181e0800 nmethod 29892 0x0000000003688f50 code [0x00000000036890a0, 0x00000000036892b0]

GC Heap History (10 events):
Event: 4591.820 GC heap before
{Heap before GC invocations=88 (full 5):
 PSYoungGen      total 464384K, used 416112K [0x00000000e0000000, 0x00000000ffc00000, 0x0000000100000000)
  eden space 408064K, 100% used [0x00000000e0000000,0x00000000f8e80000,0x00000000f8e80000)
  from space 56320K, 14% used [0x00000000fc500000,0x00000000fccdc250,0x00000000ffc00000)
  to   space 55808K, 0% used [0x00000000f8e80000,0x00000000f8e80000,0x00000000fc500000)
 ParOldGen       total 269824K, used 117796K [0x00000000a0000000, 0x00000000b0780000, 0x00000000e0000000)
  object space 269824K, 43% used [0x00000000a0000000,0x00000000a7309300,0x00000000b0780000)
 Metaspace       used 101971K, capacity 108888K, committed 109784K, reserved 1144832K
  class space    used 12955K, capacity 14097K, committed 14336K, reserved 1048576K
Event: 4591.836 GC heap after
Heap after GC invocations=88 (full 5):
 PSYoungGen      total 463872K, used 5794K [0x00000000e0000000, 0x00000000ffe80000, 0x0000000100000000)
  eden space 408064K, 0% used [0x00000000e0000000,0x00000000e0000000,0x00000000f8e80000)
  from space 55808K, 10% used [0x00000000f8e80000,0x00000000f9428aa0,0x00000000fc500000)
  to   space 55296K, 0% used [0x00000000fc880000,0x00000000fc880000,0x00000000ffe80000)
 ParOldGen       total 269824K, used 123064K [0x00000000a0000000, 0x00000000b0780000, 0x00000000e0000000)
  object space 269824K, 45% used [0x00000000a0000000,0x00000000a782e310,0x00000000b0780000)
 Metaspace       used 101971K, capacity 108888K, committed 109784K, reserved 1144832K
  class space    used 12955K, capacity 14097K, committed 14336K, reserved 1048576K
}
Event: 4592.313 GC heap before
{Heap before GC invocations=89 (full 5):
 PSYoungGen      total 463872K, used 413858K [0x00000000e0000000, 0x00000000ffe80000, 0x0000000100000000)
  eden space 408064K, 100% used [0x00000000e0000000,0x00000000f8e80000,0x00000000f8e80000)
  from space 55808K, 10% used [0x00000000f8e80000,0x00000000f9428aa0,0x00000000fc500000)
  to   space 55296K, 0% used [0x00000000fc880000,0x00000000fc880000,0x00000000ffe80000)
 ParOldGen       total 269824K, used 123064K [0x00000000a0000000, 0x00000000b0780000, 0x00000000e0000000)
  object space 269824K, 45% used [0x00000000a0000000,0x00000000a782e310,0x00000000b0780000)
 Metaspace       used 101994K, capacity 108888K, committed 109784K, reserved 1144832K
  class space    used 12955K, capacity 14097K, committed 14336K, reserved 1048576K
Event: 4592.324 GC heap after
Heap after GC invocations=89 (full 5):
 PSYoungGen      total 465408K, used 11861K [0x00000000e0000000, 0x00000000ffb80000, 0x0000000100000000)
  eden space 413184K, 0% used [0x00000000e0000000,0x00000000e0000000,0x00000000f9380000)
  from space 52224K, 22% used [0x00000000fc880000,0x00000000fd4157e8,0x00000000ffb80000)
  to   space 53248K, 0% used [0x00000000f9380000,0x00000000f9380000,0x00000000fc780000)
 ParOldGen       total 269824K, used 126392K [0x00000000a0000000, 0x00000000b0780000, 0x00000000e0000000)
  object space 269824K, 46% used [0x00000000a0000000,0x00000000a7b6e320,0x00000000b0780000)
 Metaspace       used 101994K, capacity 108888K, committed 109784K, reserved 1144832K
  class space    used 12955K, capacity 14097K, committed 14336K, reserved 1048576K
}
Event: 4592.827 GC heap before
{Heap before GC invocations=90 (full 5):
 PSYoungGen      total 465408K, used 425045K [0x00000000e0000000, 0x00000000ffb80000, 0x0000000100000000)
  eden space 413184K, 100% used [0x00000000e0000000,0x00000000f9380000,0x00000000f9380000)
  from space 52224K, 22% used [0x00000000fc880000,0x00000000fd4157e8,0x00000000ffb80000)
  to   space 53248K, 0% used [0x00000000f9380000,0x00000000f9380000,0x00000000fc780000)
 ParOldGen       total 269824K, used 126392K [0x00000000a0000000, 0x00000000b0780000, 0x00000000e0000000)
  object space 269824K, 46% used [0x00000000a0000000,0x00000000a7b6e320,0x00000000b0780000)
 Metaspace       used 102005K, capacity 108952K, committed 109784K, reserved 1144832K
  class space    used 12955K, capacity 14097K, committed 14336K, reserved 1048576K
Event: 4592.838 GC heap after
Heap after GC invocations=90 (full 5):
 PSYoungGen      total 466432K, used 7648K [0x00000000e0000000, 0x00000000ffe00000, 0x0000000100000000)
  eden space 413184K, 0% used [0x00000000e0000000,0x00000000e0000000,0x00000000f9380000)
  from space 53248K, 14% used [0x00000000f9380000,0x00000000f9af8020,0x00000000fc780000)
  to   space 51712K, 0% used [0x00000000fcb80000,0x00000000fcb80000,0x00000000ffe00000)
 ParOldGen       total 269824K, used 131172K [0x00000000a0000000, 0x00000000b0780000, 0x00000000e0000000)
  object space 269824K, 48% used [0x00000000a0000000,0x00000000a8019380,0x00000000b0780000)
 Metaspace       used 102005K, capacity 108952K, committed 109784K, reserved 1144832K
  class space    used 12955K, capacity 14097K, committed 14336K, reserved 1048576K
}
Event: 4594.222 GC heap before
{Heap before GC invocations=91 (full 5):
 PSYoungGen      total 466432K, used 420832K [0x00000000e0000000, 0x00000000ffe00000, 0x0000000100000000)
  eden space 413184K, 100% used [0x00000000e0000000,0x00000000f9380000,0x00000000f9380000)
  from space 53248K, 14% used [0x00000000f9380000,0x00000000f9af8020,0x00000000fc780000)
  to   space 51712K, 0% used [0x00000000fcb80000,0x00000000fcb80000,0x00000000ffe00000)
 ParOldGen       total 269824K, used 131172K [0x00000000a0000000, 0x00000000b0780000, 0x00000000e0000000)
  object space 269824K, 48% used [0x00000000a0000000,0x00000000a8019380,0x00000000b0780000)
 Metaspace       used 102106K, capacity 109016K, committed 109784K, reserved 1144832K
  class space    used 12958K, capacity 14097K, committed 14336K, reserved 1048576K
Event: 4594.279 GC heap after
Heap after GC invocations=91 (full 5):
 PSYoungGen      total 435712K, used 51710K [0x00000000e0000000, 0x0000000100000000, 0x0000000100000000)
  eden space 384000K, 0% used [0x00000000e0000000,0x00000000e0000000,0x00000000f7700000)
  from space 51712K, 99% used [0x00000000fcb80000,0x00000000ffdffa48,0x00000000ffe00000)
  to   space 70144K, 0% used [0x00000000f7700000,0x00000000f7700000,0x00000000fbb80000)
 ParOldGen       total 269824K, used 156812K [0x00000000a0000000, 0x00000000b0780000, 0x00000000e0000000)
  object space 269824K, 58% used [0x00000000a0000000,0x00000000a99231f0,0x00000000b0780000)
 Metaspace       used 102106K, capacity 109016K, committed 109784K, reserved 1144832K
  class space    used 12958K, capacity 14097K, committed 14336K, reserved 1048576K
}
Event: 4749.840 GC heap before
{Heap before GC invocations=92 (full 5):
 PSYoungGen      total 435712K, used 435710K [0x00000000e0000000, 0x0000000100000000, 0x0000000100000000)
  eden space 384000K, 100% used [0x00000000e0000000,0x00000000f7700000,0x00000000f7700000)
  from space 51712K, 99% used [0x00000000fcb80000,0x00000000ffdffa48,0x00000000ffe00000)
  to   space 70144K, 0% used [0x00000000f7700000,0x00000000f7700000,0x00000000fbb80000)
 ParOldGen       total 269824K, used 156812K [0x00000000a0000000, 0x00000000b0780000, 0x00000000e0000000)
  object space 269824K, 58% used [0x00000000a0000000,0x00000000a99231f0,0x00000000b0780000)
 Metaspace       used 102532K, capacity 109590K, committed 110296K, reserved 1144832K
  class space    used 12999K, capacity 14164K, committed 14336K, reserved 1048576K
Event: 4749.869 GC heap after
Heap after GC invocations=92 (full 5):
 PSYoungGen      total 454144K, used 4229K [0x00000000e0000000, 0x0000000100000000, 0x0000000100000000)
  eden space 384000K, 0% used [0x00000000e0000000,0x00000000e0000000,0x00000000f7700000)
  from space 70144K, 6% used [0x00000000f7700000,0x00000000f7b21440,0x00000000fbb80000)
  to   space 69120K, 0% used [0x00000000fbc80000,0x00000000fbc80000,0x0000000100000000)
 ParOldGen       total 269824K, used 176259K [0x00000000a0000000, 0x00000000b0780000, 0x00000000e0000000)
  object space 269824K, 65% used [0x00000000a0000000,0x00000000aac20ff8,0x00000000b0780000)
 Metaspace       used 102532K, capacity 109590K, committed 110296K, reserved 1144832K
  class space    used 12999K, capacity 14164K, committed 14336K, reserved 1048576K
}

Deoptimization events (10 events):
Event: 4690.023 Thread 0x000000001c40f000 Uncommon trap: reason=class_check action=maybe_recompile pc=0x00000000062799a4 method=java.util.Formatter$FormatSpecifier.print(JLjava/util/Locale;)V @ 456
Event: 4750.002 Thread 0x000000001c40f000 Uncommon trap: reason=bimorphic action=maybe_recompile pc=0x00000000076466a4 method=java.util.HashMap.computeIfAbsent(Ljava/lang/Object;Ljava/util/function/Function;)Ljava/lang/Object; @ 142
Event: 4750.004 Thread 0x000000001c40f000 Uncommon trap: reason=bimorphic action=maybe_recompile pc=0x00000000076466a4 method=java.util.HashMap.computeIfAbsent(Ljava/lang/Object;Ljava/util/function/Function;)Ljava/lang/Object; @ 142
Event: 4750.620 Thread 0x00000000206dc000 Uncommon trap: reason=unstable_if action=reinterpret pc=0x0000000003501204 method=com.sun.org.apache.xerces.internal.dom.DeferredDocumentImpl.getChunkIndex([[III)I @ 3
Event: 4751.800 Thread 0x00000000206dc000 Uncommon trap: reason=unstable_if action=reinterpret pc=0x0000000005186218 method=org.gradle.internal.execution.history.changes.PreviousSuccessChanges.accept(Lorg/gradle/internal/change/ChangeVisitor;)Z @ 4
Event: 4752.385 Thread 0x00000000206de800 Uncommon trap: reason=unstable_if action=reinterpret pc=0x0000000004653410 method=java.nio.Bits.copyToArray(JLjava/lang/Object;JJJ)V @ 19
Event: 4753.804 Thread 0x00000000206de800 Uncommon trap: reason=class_check action=maybe_recompile pc=0x00000000075c5c38 method=com.android.tools.r8.code.j0.a(Lcom/android/tools/r8/dex/g;Lcom/android/tools/r8/graph/DexMethod;I)V @ 7
Event: 4753.817 Thread 0x00000000206de800 Uncommon trap: reason=class_check action=maybe_recompile pc=0x00000000075c5c38 method=com.android.tools.r8.code.j0.a(Lcom/android/tools/r8/dex/g;Lcom/android/tools/r8/graph/DexMethod;I)V @ 7
Event: 4753.826 Thread 0x00000000206de800 Uncommon trap: reason=class_check action=maybe_recompile pc=0x00000000075c5c38 method=com.android.tools.r8.code.j0.a(Lcom/android/tools/r8/dex/g;Lcom/android/tools/r8/graph/DexMethod;I)V @ 7
Event: 4753.830 Thread 0x00000000206de800 Uncommon trap: reason=class_check action=maybe_recompile pc=0x00000000075c5c38 method=com.android.tools.r8.code.j0.a(Lcom/android/tools/r8/dex/g;Lcom/android/tools/r8/graph/DexMethod;I)V @ 7

Classes redefined (0 events):
No events

Internal exceptions (10 events):
Event: 4688.285 Thread 0x000000001c40f000 Implicit null exception at 0x00000000032d8a57 to 0x00000000032d8dc5
Event: 4689.957 Thread 0x000000001956f800 Exception <a 'java/io/IOException'> (0x00000000f5db42d8) thrown at [D:\src\AOSP-openjdk-cygwin\jdk8u\hotspot\src\share\vm\prims\jni.cpp, line 710]
Event: 4689.991 Thread 0x00000000206d7000 Implicit null exception at 0x000000000434d6a2 to 0x000000000434e6e5
Event: 4689.991 Thread 0x00000000206d7000 Implicit null exception at 0x000000000636f417 to 0x000000000636f78d
Event: 4689.992 Thread 0x00000000206d7000 Exception <a 'java/lang/NoSuchMethodError': <clinit>> (0x00000000f5185928) thrown at [D:\src\AOSP-openjdk-cygwin\jdk8u\hotspot\src\share\vm\prims\jni.cpp, line 1614]
Event: 4689.994 Thread 0x00000000206d7000 Exception <a 'java/lang/NoSuchMethodError': <clinit>> (0x00000000f5195b48) thrown at [D:\src\AOSP-openjdk-cygwin\jdk8u\hotspot\src\share\vm\prims\jni.cpp, line 1614]
Event: 4689.997 Thread 0x00000000206d7000 Exception <a 'java/lang/NoSuchMethodError': <clinit>> (0x00000000f51a2830) thrown at [D:\src\AOSP-openjdk-cygwin\jdk8u\hotspot\src\share\vm\prims\jni.cpp, line 1614]
Event: 4690.007 Thread 0x000000001c40f000 Exception <a 'sun/nio/fs/WindowsException'> (0x00000000f63187e8) thrown at [D:\src\AOSP-openjdk-cygwin\jdk8u\hotspot\src\share\vm\prims\jni.cpp, line 710]
Event: 4750.620 Thread 0x00000000206dc000 Implicit null exception at 0x000000000350119a to 0x00000000035011ed
Event: 4753.257 Thread 0x00000000206de800 Exception <a 'sun/nio/fs/WindowsException'> (0x00000000eb8a4658) thrown at [D:\src\AOSP-openjdk-cygwin\jdk8u\hotspot\src\share\vm\prims\jni.cpp, line 710]

Events (10 events):
Event: 4754.137 Thread 0x000000001d1e6800 DEOPT PACKING pc=0x0000000005ec944d sp=0x000000002860e920
Event: 4754.137 Thread 0x000000001d1e6800 DEOPT UNPACKING pc=0x00000000026575d0 sp=0x000000002860e710 mode 0
Event: 4754.138 Thread 0x000000001d1e6800 DEOPT PACKING pc=0x0000000005ec944d sp=0x000000002860e920
Event: 4754.138 Thread 0x000000001d1e6800 DEOPT UNPACKING pc=0x00000000026575d0 sp=0x000000002860e710 mode 0
Event: 4754.141 Thread 0x000000001d1e6800 DEOPT PACKING pc=0x0000000005ec944d sp=0x000000002860e920
Event: 4754.141 Thread 0x000000001d1e6800 DEOPT UNPACKING pc=0x00000000026575d0 sp=0x000000002860e710 mode 0
Event: 4754.144 Thread 0x000000001d1e6800 DEOPT PACKING pc=0x0000000005ec944d sp=0x000000002860e920
Event: 4754.144 Thread 0x000000001d1e6800 DEOPT UNPACKING pc=0x00000000026575d0 sp=0x000000002860e710 mode 0
Event: 4754.152 Thread 0x000000001d1e6800 DEOPT PACKING pc=0x0000000005ec93c3 sp=0x000000002860e920
Event: 4754.152 Thread 0x000000001d1e6800 DEOPT UNPACKING pc=0x00000000026575d0 sp=0x000000002860e710 mode 0


Dynamic libraries:
0x00007ff7bfc30000 - 0x00007ff7bfc61000 	C:\Program Files\Android\Android Studio\jre\bin\java.exe
0x00007ffdeed80000 - 0x00007ffdeef70000 	C:\Windows\SYSTEM32\ntdll.dll
0x00007ffdee710000 - 0x00007ffdee7c2000 	C:\Windows\System32\KERNEL32.DLL
0x00007ffdec020000 - 0x00007ffdec2c3000 	C:\Windows\System32\KERNELBASE.dll
0x00007ffdeec60000 - 0x00007ffdeed03000 	C:\Windows\System32\ADVAPI32.dll
0x00007ffded2f0000 - 0x00007ffded38e000 	C:\Windows\System32\msvcrt.dll
0x00007ffdecee0000 - 0x00007ffdecf77000 	C:\Windows\System32\sechost.dll
0x00007ffdede50000 - 0x00007ffdedf70000 	C:\Windows\System32\RPCRT4.dll
0x00007ffded5b0000 - 0x00007ffded744000 	C:\Windows\System32\USER32.dll
0x00007ffdebe80000 - 0x00007ffdebea1000 	C:\Windows\System32\win32u.dll
0x00007ffdedf80000 - 0x00007ffdedfa6000 	C:\Windows\System32\GDI32.dll
0x00007ffdebce0000 - 0x00007ffdebe74000 	C:\Windows\System32\gdi32full.dll
0x00007ffdebf50000 - 0x00007ffdebfee000 	C:\Windows\System32\msvcp_win.dll
0x00007ffdec580000 - 0x00007ffdec67a000 	C:\Windows\System32\ucrtbase.dll
0x00007ffdd8cc0000 - 0x00007ffdd8f45000 	C:\Windows\WinSxS\amd64_microsoft.windows.common-controls_6595b64144ccf1df_6.0.18362.535_none_e6c3b34713100821\COMCTL32.dll
0x00007ffdedfb0000 - 0x00007ffdee2e6000 	C:\Windows\System32\combase.dll
0x00007ffdebeb0000 - 0x00007ffdebf30000 	C:\Windows\System32\bcryptPrimitives.dll
0x00007ffdecf80000 - 0x00007ffdecfae000 	C:\Windows\System32\IMM32.DLL
0x000000006cfc0000 - 0x000000006d092000 	C:\Program Files\Android\Android Studio\jre\jre\bin\msvcr100.dll
0x000000006d0a0000 - 0x000000006d8e6000 	C:\Program Files\Android\Android Studio\jre\jre\bin\server\jvm.dll
0x00007ffdee350000 - 0x00007ffdee358000 	C:\Windows\System32\PSAPI.DLL
0x00007ffde67e0000 - 0x00007ffde67e9000 	C:\Windows\SYSTEM32\WSOCK32.dll
0x00007ffde06e0000 - 0x00007ffde06ea000 	C:\Windows\SYSTEM32\VERSION.dll
0x00007ffde99c0000 - 0x00007ffde99e4000 	C:\Windows\SYSTEM32\WINMM.dll
0x00007ffded0d0000 - 0x00007ffded13f000 	C:\Windows\System32\WS2_32.dll
0x00007ffde9990000 - 0x00007ffde99bd000 	C:\Windows\SYSTEM32\WINMMBASE.dll
0x00007ffdec2d0000 - 0x00007ffdec31a000 	C:\Windows\System32\cfgmgr32.dll
0x00007ffdda9d0000 - 0x00007ffdda9df000 	C:\Program Files\Android\Android Studio\jre\jre\bin\verify.dll
0x00007ffdda9a0000 - 0x00007ffdda9c9000 	C:\Program Files\Android\Android Studio\jre\jre\bin\java.dll
0x00007ffdda980000 - 0x00007ffdda996000 	C:\Program Files\Android\Android Studio\jre\jre\bin\zip.dll
0x00007ffded760000 - 0x00007ffdede45000 	C:\Windows\System32\SHELL32.dll
0x00007ffdee660000 - 0x00007ffdee709000 	C:\Windows\System32\shcore.dll
0x00007ffdec680000 - 0x00007ffdecdff000 	C:\Windows\System32\windows.storage.dll
0x00007ffdebc50000 - 0x00007ffdebc6f000 	C:\Windows\System32\profapi.dll
0x00007ffdebc70000 - 0x00007ffdebcba000 	C:\Windows\System32\powrprof.dll
0x00007ffdebc20000 - 0x00007ffdebc30000 	C:\Windows\System32\UMPDC.dll
0x00007ffdee2f0000 - 0x00007ffdee342000 	C:\Windows\System32\shlwapi.dll
0x00007ffdebcc0000 - 0x00007ffdebcd1000 	C:\Windows\System32\kernel.appcore.dll
0x00007ffdebf30000 - 0x00007ffdebf47000 	C:\Windows\System32\cryptsp.dll
0x00007ffdda960000 - 0x00007ffdda97a000 	C:\Program Files\Android\Android Studio\jre\jre\bin\net.dll
0x00007ffdeb490000 - 0x00007ffdeb4f7000 	C:\Windows\system32\mswsock.dll
0x00007ffdda940000 - 0x00007ffdda951000 	C:\Program Files\Android\Android Studio\jre\jre\bin\nio.dll
0x00007ffdaf2e0000 - 0x00007ffdaf306000 	C:\Users\Dmi\.gradle\native\29\windows-amd64\native-platform.dll
0x00007ffdda930000 - 0x00007ffdda93d000 	C:\Program Files\Android\Android Studio\jre\jre\bin\management.dll
0x00007ffdeb000000 - 0x00007ffdeb033000 	C:\Windows\system32\rsaenh.dll
0x00007ffdebff0000 - 0x00007ffdec016000 	C:\Windows\System32\bcrypt.dll
0x00007ffdebb10000 - 0x00007ffdebb35000 	C:\Windows\SYSTEM32\USERENV.dll
0x00007ffdeb660000 - 0x00007ffdeb66c000 	C:\Windows\SYSTEM32\CRYPTBASE.dll
0x00007ffdeb1a0000 - 0x00007ffdeb1da000 	C:\Windows\SYSTEM32\IPHLPAPI.DLL
0x00007ffdedf70000 - 0x00007ffdedf78000 	C:\Windows\System32\NSI.dll
0x00007ffddc020000 - 0x00007ffddc036000 	C:\Windows\SYSTEM32\dhcpcsvc6.DLL
0x00007ffddfc70000 - 0x00007ffddfc8c000 	C:\Windows\SYSTEM32\dhcpcsvc.DLL
0x00007ffdeb230000 - 0x00007ffdeb2fa000 	C:\Windows\SYSTEM32\DNSAPI.dll
0x00007ffde1420000 - 0x00007ffde143e000 	C:\Users\Dmi\AppData\Local\Temp\native-platform2313120501831648775dir\native-platform.dll
0x00007ffdc4180000 - 0x00007ffdc41a4000 	C:\Program Files\Android\Android Studio\jre\jre\bin\sunec.dll
0x00007ffde0050000 - 0x00007ffde005a000 	C:\Windows\System32\rasadhlp.dll
0x00007ffddb4c0000 - 0x00007ffddb537000 	C:\Windows\System32\fwpuclnt.dll
0x00007ffdd8310000 - 0x00007ffdd831b000 	C:\Program Files\Android\Android Studio\jre\jre\bin\sunmscapi.dll
0x00007ffdec430000 - 0x00007ffdec579000 	C:\Windows\System32\CRYPT32.dll
0x00007ffdebc30000 - 0x00007ffdebc42000 	C:\Windows\System32\MSASN1.dll

VM Arguments:
jvm_args: -Xmx1536m -Dfile.encoding=windows-1251 -Duser.country=US -Duser.language=en -Duser.variant 
java_command: org.gradle.launcher.daemon.bootstrap.GradleDaemon 5.4.1
java_class_path (initial): C:\Users\Dmi\.gradle\wrapper\dists\gradle-5.4.1-all\3221gyojl5jsh0helicew7rwx\gradle-5.4.1\lib\gradle-launcher-5.4.1.jar
Launcher Type: SUN_STANDARD

Environment Variables:
PATH=C:\Windows\system32;C:\Windows;C:\Windows\System32\Wbem;C:\Windows\System32\WindowsPowerShell\v1.0\;C:\Windows\System32\OpenSSH\;C:\Program Files\Git\cmd;C:\Users\Dmi\AppData\Local\Microsoft\WindowsApps;
USERNAME=Dmi
OS=Windows_NT
PROCESSOR_IDENTIFIER=Intel64 Family 6 Model 142 Stepping 10, GenuineIntel



---------------  S Y S T E M  ---------------

OS: Windows 10.0 , 64 bit Build 18362 (10.0.18362.329)

CPU:total 8 (initial active 8) (4 cores per cpu, 2 threads per core) family 6 model 142 stepping 10, cmov, cx8, fxsr, mmx, sse, sse2, sse3, ssse3, sse4.1, sse4.2, popcnt, avx, avx2, aes, clmul, erms, 3dnowpref, lzcnt, ht, tsc, tscinvbit, bmi1, bmi2, adx

Memory: 4k page, physical 8281300k(415324k free), swap 10378452k(7356k free)

vm_info: OpenJDK 64-Bit Server VM (25.202-b03) for windows-amd64 JRE (1.8.0_202-release-1483-b03), built by "builder" with MS VC++ 10.0 (VS2010)

time: Tue Dec 31 00:56:39 2019
timezone: Russia TZ 3 Standard Time
elapsed time: 4754 seconds (0d 1h 19m 14s)

